0 verbose cli /Users/nrs/.local/share/mise/installs/node/25.7.0/bin/node /Users/nrs/.local/share/mise/installs/node/25.7.0/lib/node_modules/npm/bin/npm-cli.js
1 info using npm@11.10.1
2 info using node@v25.7.0
3 silly config load:file:/Users/nrs/.local/share/mise/installs/node/25.7.0/lib/node_modules/npm/npmrc
4 silly config load:file:/Users/nrs/work/git/takt-worktrees/20260308T0107-3-implement-facet-compose-cli/.npmrc
5 silly config load:file:/Users/nrs/.npmrc
6 silly config load:file:/Users/nrs/.local/share/mise/installs/node/25.7.0/etc/npmrc
7 verbose title npm pack
8 verbose argv "pack"
9 verbose logfile logs-max:10 dir:/Users/nrs/work/git/takt-worktrees/20260308T0107-3-implement-facet-compose-cli/.takt/.runtime/npm/_logs/2026-03-08T03_18_35_032Z-
10 verbose logfile /Users/nrs/work/git/takt-worktrees/20260308T0107-3-implement-facet-compose-cli/.takt/.runtime/npm/_logs/2026-03-08T03_18_35_032Z-debug-0.log
11 silly logfile start cleaning logs, removing 1 files
12 silly logfile done cleaning log files
13 silly packumentCache heap:4496293888 maxSize:1124073472 maxEntrySize:562036736
14 verbose shrinkwrap failed to load node_modules/.package-lock.json out of date, updated: node_modules
15 notice
16 notice 📦  faceted-prompting@0.1.0
17 notice Tarball Contents
18 notice 1.1kB LICENSE
18 notice 3.1kB README.md
18 notice 53B bin/facet
18 notice 388B dist/cli/index.d.ts
18 notice 505B dist/cli/index.d.ts.map
18 notice 7.0kB dist/cli/index.js
18 notice 6.6kB dist/cli/index.js.map
18 notice 97B dist/cli/runner.d.ts
18 notice 186B dist/cli/runner.d.ts.map
18 notice 1.1kB dist/cli/runner.js
18 notice 1.3kB dist/cli/runner.js.map
18 notice 356B dist/cli/select.d.ts
18 notice 419B dist/cli/select.d.ts.map
18 notice 2.2kB dist/cli/select.js
18 notice 2.3kB dist/cli/select.js.map
18 notice 200B dist/compose-definition.d.ts
18 notice 252B dist/compose-definition.d.ts.map
18 notice 3.4kB dist/compose-definition.js
18 notice 3.5kB dist/compose-definition.js.map
18 notice 661B dist/compose.d.ts
18 notice 278B dist/compose.d.ts.map
18 notice 2.0kB dist/compose.js
18 notice 1.6kB dist/compose.js.map
18 notice 414B dist/config/index.d.ts
18 notice 444B dist/config/index.d.ts.map
18 notice 1.8kB dist/config/index.js
18 notice 2.0kB dist/config/index.js.map
18 notice 1.7kB dist/data-engine.d.ts
18 notice 911B dist/data-engine.d.ts.map
18 notice 2.6kB dist/data-engine.js
18 notice 2.1kB dist/data-engine.js.map
18 notice 460B dist/escape.d.ts
18 notice 188B dist/escape.d.ts.map
18 notice 503B dist/escape.js
18 notice 265B dist/escape.js.map
18 notice 1.1kB dist/index.d.ts
18 notice 839B dist/index.d.ts.map
18 notice 945B dist/index.js
18 notice 674B dist/index.js.map
18 notice 132B dist/init/index.d.ts
18 notice 208B dist/init/index.d.ts.map
18 notice 1.5kB dist/init/index.js
18 notice 1.3kB dist/init/index.js.map
18 notice 433B dist/output/index.d.ts
18 notice 467B dist/output/index.d.ts.map
18 notice 2.7kB dist/output/index.js
18 notice 2.6kB dist/output/index.js.map
18 notice 3.7kB dist/resolve.d.ts
18 notice 1.9kB dist/resolve.d.ts.map
18 notice 5.9kB dist/resolve.js
18 notice 4.4kB dist/resolve.js.map
18 notice 1.9kB dist/scope.d.ts
18 notice 722B dist/scope.d.ts.map
18 notice 2.9kB dist/scope.js
18 notice 1.7kB dist/scope.js.map
18 notice 1.1kB dist/template.d.ts
18 notice 498B dist/template.d.ts.map
18 notice 1.8kB dist/template.js
18 notice 1.3kB dist/template.js.map
18 notice 1.3kB dist/truncation.d.ts
18 notice 591B dist/truncation.d.ts.map
18 notice 2.2kB dist/truncation.js
18 notice 1.5kB dist/truncation.js.map
18 notice 2.2kB dist/types.d.ts
18 notice 1.3kB dist/types.d.ts.map
18 notice 313B dist/types.js
18 notice 117B dist/types.js.map
18 notice 959B package.json
19 notice Tarball Details
20 notice name: faceted-prompting
21 notice version: 0.1.0
22 notice filename: faceted-prompting-0.1.0.tgz
23 notice package size: 26.2 kB
24 notice unpacked size: 103.1 kB
25 notice shasum: e59929bd9afd0e42ebf869a1ae5e6415f90aa312
26 notice integrity: sha512-XjM72F7MbTWcq[...]u+IVOD5Fijf6w==
27 notice total files: 68
28 notice
29 verbose cwd /Users/nrs/work/git/takt-worktrees/20260308T0107-3-implement-facet-compose-cli
30 verbose os Darwin 25.3.0
31 verbose node v25.7.0
32 verbose npm  v11.10.1
33 verbose exit 0
34 info ok
